Added Pin To Net: NetName=NetR49_1 Pin=TP2-1
Added Pin To Net: NetName=NetTP3 Pin=TP3-1
Added Pin To Net: NetName=ADC0_SD1 Pin=TP4-1
Added Pin To Net: NetName=ADC0_AIN1- Pin=TP5-1
Added Pin To Net: NetName=NetR46_1 Pin=TP6-1
Added Pin To Net: NetName=NetTP7 Pin=TP7-1
Added Pin To Net: NetName=ADC0_SD2 Pin=TP8-1
Added Pin To Net: NetName=ADC0_AIN2+ Pin=TP9-1
Added Pin To Net: NetName=ADC1_SD1 Pin=TP10-1
Added Pin To Net: NetName=ADC0_AIN2- Pin=TP11-1
Added Pin To Net: NetName=CODEC0_INT Pin=TP12-1
Added Pin To Net: NetName=ADC1_SD2 Pin=TP13-1
Added Pin To Net: NetName=ADC0_AIN3+ Pin=TP14-1
Added Pin To Net: NetName=CODEC0_RSTN Pin=TP15-1
Added Pin To Net: NetName=ADC0_AIN3- Pin=TP16-1
Added Pin To Net: NetName=CODEC1_INT Pin=TP17-1
Added Pin To Net: NetName=DAC_SD1 Pin=TP18-1
Added Pin To Net: NetName=ADC0_AIN4+ Pin=TP19-1
Added Pin To Net: NetName=CODEC1_RSTN Pin=TP20-1
Added Pin To Net: NetName=ADC0_AIN4- Pin=TP21-1
Added Pin To Net: NetName=NetR42_1 Pin=TP22-1
Added Pin To Net: NetName=XCORE_MCLK Pin=TP23-1
Added Pin To Net: NetName=CODEC0_VQ Pin=TP24-1
Added Pin To Net: NetName=NetR51_1 Pin=TP25-1
Added Pin To Net: NetName=PLL_LOCK Pin=TP26-1
Added Pin To Net: NetName=NetR48_1 Pin=TP27-1
Added Pin To Net: NetName=SYNC_OUT Pin=TP28-1
Added Pin To Net: NetName=I2C_SCL Pin=TP29-1
Added Pin To Net: NetName=I2C_SDA Pin=TP30-1
Added Pin To Net: NetName=ADC1_AIN1+ Pin=TP31-1
Added Pin To Net: NetName=NetR50_1 Pin=TP32-1
Added Pin To Net: NetName=ADC1_AIN1- Pin=TP33-1
Added Pin To Net: NetName=NetR47_1 Pin=TP34-1
Added Pin To Net: NetName=ADC1_AIN2+ Pin=TP35-1
Added Pin To Net: NetName=ADC1_AIN2- Pin=TP36-1
Added Pin To Net: NetName=ADC1_AIN3+ Pin=TP37-1
Added Pin To Net: NetName=ADC1_AIN3- Pin=TP38-1
Added Pin To Net: NetName=ADC1_AIN4+ Pin=TP39-1
Added Pin To Net: NetName=ADC1_AIN4- Pin=TP40-1
Added Pin To Net: NetName=NetR43_1 Pin=TP41-1
Added Pin To Net: NetName=CODEC1_VQ Pin=TP42-1
Added Pin To Net: NetName=OSC_13M Pin=TP43-1
Added Pin To Net: NetName=+5V Pin=TP44-1
Added Pin To Net: NetName=GND Pin=TP45-1
Added Pin To Net: NetName=GND Pin=TP46-1
Added Pin To Net: NetName=GND Pin=TP47-1
Added Pin To Net: NetName=GND Pin=TP48-1
Added Pin To Net: NetName=GND Pin=TP49-1
Added Pin To Net: NetName=GND Pin=TP50-1
Added Pin To Net: NetName=GND Pin=TP51-1
Added Pin To Net: NetName=GND Pin=TP52-1
Added Pin To Net: NetName=GND Pin=TP53-1
Added Pin To Net: NetName=+4V3 Pin=TP54-1
Added Pin To Net: NetName=GND Pin=TP55-1
Added Pin To Net: NetName=GND Pin=TP56-1
Added Pin To Net: NetName=GND Pin=TP57-1
Added Pin To Net: NetName=GND Pin=TP58-1
Added Pin To Net: NetName=GND Pin=TP59-1
Added Pin To Net: NetName=GND Pin=TP60-1
Added Pin To Net: NetName=+3V3 Pin=TP61-1
Added Pin To Net: NetName=+1V8 Pin=TP62-1
Added Pin To Net: NetName=+1V0 Pin=TP63-1
Added Pin To Net: NetName=VBUS Pin=TP64-1
Added Pin To Net: NetName=VEXT Pin=TP65-1
Added Pin To Net: NetName=NetC89_2 Pin=TP66-1
Added Pin To Net: NetName=NetC90_2 Pin=TP67-1
Added Pin To Net: NetName=NetC95_2 Pin=TP68-1
Added Pin To Net: NetName=NetC96_2 Pin=TP69-1
Added Pin To Net: NetName=NetC101_2 Pin=TP70-1
Added Pin To Net: NetName=NetC102_2 Pin=TP71-1
Added Pin To Net: NetName=NetC107_2 Pin=TP72-1
Added Pin To Net: NetName=NetC108_2 Pin=TP73-1
Added Pin To Net: NetName=NetC113_2 Pin=TP74-1
Added Pin To Net: NetName=NetC114_2 Pin=TP75-1
Added Pin To Net: NetName=NetC119_2 Pin=TP76-1
Added Pin To Net: NetName=NetC120_2 Pin=TP77-1
Added Pin To Net: NetName=NetC125_2 Pin=TP78-1
Added Pin To Net: NetName=NetC126_2 Pin=TP79-1
Added Pin To Net: NetName=NetC131_2 Pin=TP80-1
Added Pin To Net: NetName=NetC132_2 Pin=TP81-1
Change Net Name : Old Net Name=NetTP3 New Net Name=NetTP3_1
Change Net Name : Old Net Name=NetTP7 New Net Name=NetTP7_1
