Change Component DesignItemId : Designator=J2 Old DesignItemId= New DesignItemId=HEADER-2X10
Change Component DesignItemId : Designator=J3 Old DesignItemId= New DesignItemId=HEADER-2X10_STRAIGHT
Change Component Footprint: Designator=J3 Old Footprint=HEADER-2X10-100mil_STRAIGHT New Footprint=HEADER-2X10-100mil
Change Component Comment : Designator=J2 Old Comment=Comment New Comment=XTAG2IN(PLUG)
Change Component Comment : Designator=J3 Old Comment=Comment New Comment=XTAG2OUT(SOCKET)
Change Component Description : Designator=J2 Old Description= New Description=IDC Boxed Header, Right Angle, PCB Mount, Polarised, 20 Way, 2x10, 0.1" Pitch
Change Component Library : Designator=J2 Old Library= New Library=HEADER-2X10.SchLib
Added Pin To Net: NetName=TRST_N Pin=J2-3
Added Pin To Net: NetName=GND Pin=J2-4
Added Pin To Net: NetName=TDI Pin=J2-5
Added Pin To Net: NetName=XL0_OUT1 Pin=J2-6
Added Pin To Net: NetName=TMS Pin=J2-7
Added Pin To Net: NetName=GND Pin=J2-8
Added Pin To Net: NetName=TCK Pin=J2-9
Added Pin To Net: NetName=XL0_OUT0 Pin=J2-10
Added Pin To Net: NetName=DEBUG Pin=J2-11
Added Pin To Net: NetName=GND Pin=J2-12
Added Pin To Net: NetName=NetJ2_13 Pin=J2-13
Added Pin To Net: NetName=XL0_IN0 Pin=J2-14
Added Pin To Net: NetName=RST_N Pin=J2-15
Added Pin To Net: NetName=GND Pin=J2-16
Added Pin To Net: NetName=GND Pin=J2-17
Added Pin To Net: NetName=XL0_IN1 Pin=J2-18
Added Pin To Net: NetName=GND Pin=J2-19
Added Pin To Net: NetName=GND Pin=J2-20
Added Pin To Net: NetName=+5V Pin=J3-1
Added Pin To Net: NetName=NetJ3_2 Pin=J3-2
Added Pin To Net: NetName=TRST_N Pin=J3-3
Added Pin To Net: NetName=NetJ3_4 Pin=J3-4
Added Pin To Net: NetName=TDO Pin=J3-5
Added Pin To Net: NetName=NetJ3_6 Pin=J3-6
Added Pin To Net: NetName=TMS Pin=J3-7
Added Pin To Net: NetName=NetJ3_8 Pin=J3-8
Added Pin To Net: NetName=TCK Pin=J3-9
Added Pin To Net: NetName=NetJ3_10 Pin=J3-10
Added Pin To Net: NetName=DEBUG Pin=J3-11
Added Pin To Net: NetName=NetJ3_12 Pin=J3-12
Added Pin To Net: NetName=TDOC Pin=J3-13
Added Pin To Net: NetName=NetJ3_14 Pin=J3-14
Added Pin To Net: NetName=RST_N Pin=J3-15
Added Pin To Net: NetName=NetJ3_16 Pin=J3-16
Added Pin To Net: NetName=NetJ3_17 Pin=J3-17
Added Pin To Net: NetName=NetJ3_18 Pin=J3-18
Added Pin To Net: NetName=GND Pin=J3-19
Added Pin To Net: NetName=NetJ3_20 Pin=J3-20
