Added Component: Designator=U5(QFN-124)
Added Pin To Net: NetName=GND Pin=U5-A1
Added Pin To Net: NetName=+3V3 Pin=U5-A2
Added Pin To Net: NetName=XCORE_MCLK Pin=U5-A3
Added Pin To Net: NetName=X0D4 Pin=U5-A7
Added Pin To Net: NetName=X0D5 Pin=U5-A8
Added Pin To Net: NetName=X0D6 Pin=U5-A9
Added Pin To Net: NetName=X0D7 Pin=U5-A10
Added Pin To Net: NetName=X0D10 Pin=U5-A13
Added Pin To Net: NetName=X0D11 Pin=U5-A14
Added Pin To Net: NetName=X0D0 Pin=U5-A15
Added Pin To Net: NetName=X0D1 Pin=U5-A16
Added Pin To Net: NetName=+3V3 Pin=U5-A17
Added Pin To Net: NetName=GND Pin=U5-A18
Added Pin To Net: NetName=+1V0 Pin=U5-A19
Added Pin To Net: NetName=NetTP7 Pin=U5-A20
Added Pin To Net: NetName=NetTP3 Pin=U5-A21
Added Pin To Net: NetName=X1D22 Pin=U5-A22
Added Pin To Net: NetName=X1D13 Pin=U5-A23
Added Pin To Net: NetName=X1D14 Pin=U5-A24
Added Pin To Net: NetName=X1D15 Pin=U5-A25
Added Pin To Net: NetName=X1D16 Pin=U5-A26
Added Pin To Net: NetName=X1D17 Pin=U5-A27
Added Pin To Net: NetName=X1D18 Pin=U5-A29
Added Pin To Net: NetName=X1D19 Pin=U5-A30
Added Pin To Net: NetName=X1D20 Pin=U5-A31
Added Pin To Net: NetName=X1D21 Pin=U5-A32
Added Pin To Net: NetName=ADC1_SD1 Pin=U5-A33
Added Pin To Net: NetName=+1V0 Pin=U5-A34
Added Pin To Net: NetName=GND Pin=U5-A35
Added Pin To Net: NetName=+3V3 Pin=U5-A36
Added Pin To Net: NetName=GND Pin=U5-A37
Added Pin To Net: NetName=NetC13_2 Pin=U5-A38
Added Pin To Net: NetName=ADC0_SD2 Pin=U5-A39
Added Pin To Net: NetName=ADC0_SD1 Pin=U5-A40
Added Pin To Net: NetName=CODEC1_RSTN Pin=U5-A41
Added Pin To Net: NetName=CODEC1_INT Pin=U5-A42
Added Pin To Net: NetName=PLL_LOCK Pin=U5-A44
Added Pin To Net: NetName=CODEC0_INT Pin=U5-A47
Added Pin To Net: NetName=CODEC0_RSTN Pin=U5-A48
Added Pin To Net: NetName=I2C_SDA Pin=U5-A49
Added Pin To Net: NetName=I2C_SCL Pin=U5-A50
Added Pin To Net: NetName=+3V3 Pin=U5-A51
Added Pin To Net: NetName=GND Pin=U5-A52
Added Pin To Net: NetName=+1V0 Pin=U5-A53
Added Pin To Net: NetName=X0D12 Pin=U5-A55
Added Pin To Net: NetName=X0D22 Pin=U5-A56
Added Pin To Net: NetName=X0D13 Pin=U5-A57
Added Pin To Net: NetName=X0D14 Pin=U5-A58
Added Pin To Net: NetName=X0D15 Pin=U5-A59
Added Pin To Net: NetName=X0D16 Pin=U5-A60
Added Pin To Net: NetName=X0D17 Pin=U5-A61
Added Pin To Net: NetName=X0D23 Pin=U5-A62
Added Pin To Net: NetName=X0D18 Pin=U5-A63
Added Pin To Net: NetName=X0D19 Pin=U5-A64
Added Pin To Net: NetName=X0D20 Pin=U5-A65
Added Pin To Net: NetName=X0D21 Pin=U5-A66
Added Pin To Net: NetName=+1V0 Pin=U5-A68
Added Pin To Net: NetName=+3V3 Pin=U5-B1
Added Pin To Net: NetName=+3V3 Pin=U5-B4
Added Pin To Net: NetName=+1V0 Pin=U5-B5
Added Pin To Net: NetName=OSC_13M Pin=U5-B6
Added Pin To Net: NetName=OSC_13M Pin=U5-B7
Added Pin To Net: NetName=RST_N Pin=U5-B8
Added Pin To Net: NetName=TDO Pin=U5-B9
Added Pin To Net: NetName=TCK Pin=U5-B10
Added Pin To Net: NetName=TMS Pin=U5-B11
Added Pin To Net: NetName=TDI Pin=U5-B12
Added Pin To Net: NetName=TRST_N Pin=U5-B13
Added Pin To Net: NetName=+3V3 Pin=U5-B14
Added Pin To Net: NetName=+1V0 Pin=U5-B15
Added Pin To Net: NetName=SYNC_OUT Pin=U5-B16
Added Pin To Net: NetName=LED_GEN Pin=U5-B18
Added Pin To Net: NetName=LED_SMP Pin=U5-B19
Added Pin To Net: NetName=ADC1_SD2 Pin=U5-B24
Added Pin To Net: NetName=XCORE_MCLK Pin=U5-B25
Added Pin To Net: NetName=DAC_SD1 Pin=U5-B26
Added Pin To Net: NetName=+1V0 Pin=U5-B28
Added Pin To Net: NetName=+3V3 Pin=U5-B29
Added Pin To Net: NetName=+3V3 Pin=U5-B32
Added Pin To Net: NetName=GND Pin=U5-B33
Added Pin To Net: NetName=GND Pin=U5-B34
Added Pin To Net: NetName=TRST_N Pin=U5-B35
Added Pin To Net: NetName=TRST_N Pin=U5-B36
Added Pin To Net: NetName=DEBUG Pin=U5-B37
Added Pin To Net: NetName=+3V3 Pin=U5-B42
Added Pin To Net: NetName=+1V0 Pin=U5-B43
Added Pin To Net: NetName=RESET_B Pin=U5-B48
Added Pin To Net: NetName=+1V0 Pin=U5-B56
Added Pin To Net: NetName=GND Pin=U5-PAD
Added Pin To Net: NetName=GND Pin=U5-PAD
Added Pin To Net: NetName=GND Pin=U5-PAD
Added Pin To Net: NetName=GND Pin=U5-PAD
Added Pin To Net: NetName=GND Pin=U5-PAD
Added Pin To Net: NetName=GND Pin=U5-PAD
Added Pin To Net: NetName=GND Pin=U5-PAD
Added Pin To Net: NetName=GND Pin=U5-PAD
Added Pin To Net: NetName=GND Pin=U5-PAD
Added Pin To Net: NetName=GND Pin=U5-PAD
Added Member To Class: ClassName=XS1_SYSTEM Member=Component U5 XS1_L2_124QFN
