Removed Pin From Net: NetName=ADC0_AIN3_P Pin=C94-1
Removed Pin From Net: NetName=ADC0_AIN3_N Pin=C94-2
Removed Pin From Net: NetName=ADC0_AIN2_P Pin=C105-1
Removed Pin From Net: NetName=ADC0_AIN2_N Pin=C105-2
Removed Pin From Net: NetName=ADC0_AIN4_P Pin=C106-1
Removed Pin From Net: NetName=ADC0_AIN4_N Pin=C106-2
Removed Pin From Net: NetName=ADC1_AIN3_P Pin=C118-1
Removed Pin From Net: NetName=ADC1_AIN3_N Pin=C118-2
Removed Pin From Net: NetName=ADC1_AIN2_P Pin=C129-1
Removed Pin From Net: NetName=ADC1_AIN2_N Pin=C129-2
Removed Pin From Net: NetName=ADC1_AIN4_P Pin=C130-1
Removed Pin From Net: NetName=ADC1_AIN4_N Pin=C130-2
Removed Pin From Net: NetName=C0_AN1_1_P Pin=J6-2
Removed Pin From Net: NetName=C0_AN1_1_N Pin=J6-3
Removed Pin From Net: NetName=GND Pin=J6-4
Removed Pin From Net: NetName=C0_AN3_1_P Pin=J7-2
Removed Pin From Net: NetName=C0_AN3_1_N Pin=J7-3
Removed Pin From Net: NetName=GND Pin=J7-4
Removed Pin From Net: NetName=C0_AN2_1_P Pin=J8-2
Removed Pin From Net: NetName=C0_AN2_1_N Pin=J8-3
Removed Pin From Net: NetName=GND Pin=J8-4
Removed Pin From Net: NetName=C0_AN4_1_P Pin=J9-2
Removed Pin From Net: NetName=C0_AN4_1_N Pin=J9-3
Removed Pin From Net: NetName=GND Pin=J9-4
Removed Pin From Net: NetName=C1_AN1_1_P Pin=J10-2
Removed Pin From Net: NetName=C1_AN1_1_N Pin=J10-3
Removed Pin From Net: NetName=GND Pin=J10-4
Removed Pin From Net: NetName=C1_AN3_1_P Pin=J11-2
Removed Pin From Net: NetName=C1_AN3_1_N Pin=J11-3
Removed Pin From Net: NetName=GND Pin=J11-4
Removed Pin From Net: NetName=C1_AN2_1_P Pin=J12-2
Removed Pin From Net: NetName=C1_AN2_1_N Pin=J12-3
Removed Pin From Net: NetName=GND Pin=J12-4
Removed Pin From Net: NetName=C1_AN4_1_P Pin=J13-2
Removed Pin From Net: NetName=C1_AN4_1_N Pin=J13-3
Removed Pin From Net: NetName=GND Pin=J13-4
Removed Pin From Net: NetName=ADC0_AIN3_N Pin=R69-1
Removed Pin From Net: NetName=ADC0_AIN3_P Pin=R71-1
Removed Pin From Net: NetName=ADC0_AIN3_N Pin=R79-1
Removed Pin From Net: NetName=ADC0_AIN3_P Pin=R81-1
Removed Pin From Net: NetName=ADC0_AIN2_N Pin=R84-1
Removed Pin From Net: NetName=ADC0_AIN4_N Pin=R85-1
Removed Pin From Net: NetName=ADC0_AIN2_P Pin=R86-1
Removed Pin From Net: NetName=ADC0_AIN4_P Pin=R87-1
Removed Pin From Net: NetName=ADC0_AIN2_N Pin=R94-1
Removed Pin From Net: NetName=ADC0_AIN4_N Pin=R95-1
Removed Pin From Net: NetName=ADC0_AIN2_P Pin=R96-1
Removed Pin From Net: NetName=ADC0_AIN4_P Pin=R97-1
Removed Pin From Net: NetName=ADC1_AIN3_N Pin=R101-1
Removed Pin From Net: NetName=ADC1_AIN3_P Pin=R103-1
Removed Pin From Net: NetName=ADC1_AIN3_N Pin=R111-1
Removed Pin From Net: NetName=ADC1_AIN3_P Pin=R113-1
Removed Pin From Net: NetName=ADC1_AIN2_N Pin=R116-1
Removed Pin From Net: NetName=ADC1_AIN4_N Pin=R117-1
Removed Pin From Net: NetName=ADC1_AIN2_P Pin=R118-1
Removed Pin From Net: NetName=ADC1_AIN4_P Pin=R119-1
Removed Pin From Net: NetName=ADC1_AIN2_N Pin=R126-1
Removed Pin From Net: NetName=ADC1_AIN4_N Pin=R127-1
Removed Pin From Net: NetName=ADC1_AIN2_P Pin=R128-1
Removed Pin From Net: NetName=ADC1_AIN4_P Pin=R129-1
Removed Pin From Net: NetName=NetC57_1 Pin=U19-25
Removed Pin From Net: NetName=ADC0_AIN1_P Pin=U19-45
Removed Pin From Net: NetName=ADC0_AIN1_N Pin=U19-46
Removed Pin From Net: NetName=ADC1_AIN1_P Pin=U20-45
Removed Pin From Net: NetName=ADC1_AIN1_N Pin=U20-46
Change Component Description : Designator=J6 Old Description=RJ-11 Connector New Description=
Change Component Description : Designator=J7 Old Description=RJ-11 Connector New Description=
Change Component Description : Designator=J8 Old Description=RJ-11 Connector New Description=
Change Component Description : Designator=J9 Old Description=RJ-11 Connector New Description=
Change Component Description : Designator=J10 Old Description=RJ-11 Connector New Description=
Change Component Description : Designator=J11 Old Description=RJ-11 Connector New Description=
Change Component Description : Designator=J12 Old Description=RJ-11 Connector New Description=
Change Component Description : Designator=J13 Old Description=RJ-11 Connector New Description=
Added Pin To Net: NetName=ADC0_AIN3_N Pin=C94-1
Added Pin To Net: NetName=ADC0_AIN3_P Pin=C94-2
Added Pin To Net: NetName=ADC0_AIN2_N Pin=C105-1
Added Pin To Net: NetName=ADC0_AIN2_P Pin=C105-2
Added Pin To Net: NetName=ADC0_AIN4_N Pin=C106-1
Added Pin To Net: NetName=ADC0_AIN4_P Pin=C106-2
Added Pin To Net: NetName=ADC1_AIN3_N Pin=C118-1
Added Pin To Net: NetName=ADC1_AIN3_P Pin=C118-2
Added Pin To Net: NetName=ADC1_AIN2_N Pin=C129-1
Added Pin To Net: NetName=ADC1_AIN2_P Pin=C129-2
Added Pin To Net: NetName=ADC1_AIN4_N Pin=C130-1
Added Pin To Net: NetName=ADC1_AIN4_P Pin=C130-2
Added Pin To Net: NetName=C0_AN1_1_N Pin=J6-2
Added Pin To Net: NetName=GND Pin=J6-3
Added Pin To Net: NetName=C0_AN1_1_P Pin=J6-4
Added Pin To Net: NetName=C0_AN3_1_N Pin=J7-2
Added Pin To Net: NetName=GND Pin=J7-3
Added Pin To Net: NetName=C0_AN3_1_P Pin=J7-4
Added Pin To Net: NetName=C0_AN2_1_N Pin=J8-2
Added Pin To Net: NetName=GND Pin=J8-3
Added Pin To Net: NetName=C0_AN2_1_P Pin=J8-4
Added Pin To Net: NetName=C0_AN4_1_N Pin=J9-2
Added Pin To Net: NetName=GND Pin=J9-3
Added Pin To Net: NetName=C0_AN4_1_P Pin=J9-4
Added Pin To Net: NetName=C1_AN1_1_N Pin=J10-2
Added Pin To Net: NetName=GND Pin=J10-3
Added Pin To Net: NetName=C1_AN1_1_P Pin=J10-4
Added Pin To Net: NetName=C1_AN3_1_N Pin=J11-2
Added Pin To Net: NetName=GND Pin=J11-3
Added Pin To Net: NetName=C1_AN3_1_P Pin=J11-4
Added Pin To Net: NetName=C1_AN2_1_N Pin=J12-2
Added Pin To Net: NetName=GND Pin=J12-3
Added Pin To Net: NetName=C1_AN2_1_P Pin=J12-4
Added Pin To Net: NetName=C1_AN4_1_N Pin=J13-2
Added Pin To Net: NetName=GND Pin=J13-3
Added Pin To Net: NetName=C1_AN4_1_P Pin=J13-4
Added Pin To Net: NetName=ADC0_AIN3_P Pin=R69-1
Added Pin To Net: NetName=ADC0_AIN3_N Pin=R71-1
Added Pin To Net: NetName=ADC0_AIN3_P Pin=R79-1
Added Pin To Net: NetName=ADC0_AIN3_N Pin=R81-1
Added Pin To Net: NetName=ADC0_AIN2_P Pin=R84-1
Added Pin To Net: NetName=ADC0_AIN4_P Pin=R85-1
Added Pin To Net: NetName=ADC0_AIN2_N Pin=R86-1
Added Pin To Net: NetName=ADC0_AIN4_N Pin=R87-1
Added Pin To Net: NetName=ADC0_AIN2_P Pin=R94-1
Added Pin To Net: NetName=ADC0_AIN4_P Pin=R95-1
Added Pin To Net: NetName=ADC0_AIN2_N Pin=R96-1
Added Pin To Net: NetName=ADC0_AIN4_N Pin=R97-1
Added Pin To Net: NetName=ADC1_AIN3_P Pin=R101-1
Added Pin To Net: NetName=ADC1_AIN3_N Pin=R103-1
Added Pin To Net: NetName=ADC1_AIN3_P Pin=R111-1
Added Pin To Net: NetName=ADC1_AIN3_N Pin=R113-1
Added Pin To Net: NetName=ADC1_AIN2_P Pin=R116-1
Added Pin To Net: NetName=ADC1_AIN4_P Pin=R117-1
Added Pin To Net: NetName=ADC1_AIN2_N Pin=R118-1
Added Pin To Net: NetName=ADC1_AIN4_N Pin=R119-1
Added Pin To Net: NetName=ADC1_AIN2_P Pin=R126-1
Added Pin To Net: NetName=ADC1_AIN4_P Pin=R127-1
Added Pin To Net: NetName=ADC1_AIN2_N Pin=R128-1
Added Pin To Net: NetName=ADC1_AIN4_N Pin=R129-1
Added Pin To Net: NetName=NetC57_1 Pin=U19-26
Added Pin To Net: NetName=ADC0_AIN1_N Pin=U19-45
Added Pin To Net: NetName=ADC0_AIN1_P Pin=U19-46
Added Pin To Net: NetName=ADC1_AIN1_N Pin=U20-45
Added Pin To Net: NetName=ADC1_AIN1_P Pin=U20-46
