Change Component DesignItemId : Designator=U19 Old DesignItemId= New DesignItemId=CS42448
Change Component DesignItemId : Designator=U20 Old DesignItemId= New DesignItemId=CS42448
Change Component Comment : Designator=U19 Old Comment=Comment New Comment=CS42448
Change Component Comment : Designator=U20 Old Comment=Comment New Comment=CS42448
Change Component Library : Designator=U19 Old Library= New Library=CS42448.SchLib
Change Component Library : Designator=U20 Old Library= New Library=CS42448.SchLib
Added Pin To Net: NetName=NetR60_2 Pin=U19-1
Added Pin To Net: NetName=NetR59_2 Pin=U19-2
Added Pin To Net: NetName=CODEC0_RSTN Pin=U19-3
Added Pin To Net: NetName=+3V3 Pin=U19-4
Added Pin To Net: NetName=NetR49_1 Pin=U19-5
Added Pin To Net: NetName=+3V3 Pin=U19-6
Added Pin To Net: NetName=GND Pin=U19-7
Added Pin To Net: NetName=+3V3 Pin=U19-8
Added Pin To Net: NetName=NetR46_1 Pin=U19-9
Added Pin To Net: NetName=NetR42_1 Pin=U19-10
Added Pin To Net: NetName=ADC0_SD2 Pin=U19-12
Added Pin To Net: NetName=ADC0_SD1 Pin=U19-13
Added Pin To Net: NetName=DAC_SD1 Pin=U19-17
Added Pin To Net: NetName=NetR48_1 Pin=U19-18
Added Pin To Net: NetName=NetR51_1 Pin=U19-19
Added Pin To Net: NetName=NetR56_1 Pin=U19-22
Added Pin To Net: NetName=GND Pin=U19-23
Added Pin To Net: NetName=+3V3 Pin=U19-24
Added Pin To Net: NetName=NetC57_1 Pin=U19-25
Added Pin To Net: NetName=NetC59_1 Pin=U19-27
Added Pin To Net: NetName=GND Pin=U19-42
Added Pin To Net: NetName=CODEC0_VQ Pin=U19-43
Added Pin To Net: NetName=+4V3 Pin=U19-44
Added Pin To Net: NetName=ADC0_AIN1+ Pin=U19-45
Added Pin To Net: NetName=ADC0_AIN1- Pin=U19-46
Added Pin To Net: NetName=ADC0_AIN2- Pin=U19-47
Added Pin To Net: NetName=ADC0_AIN2+ Pin=U19-48
Added Pin To Net: NetName=ADC0_AIN3- Pin=U19-49
Added Pin To Net: NetName=ADC0_AIN3+ Pin=U19-50
Added Pin To Net: NetName=ADC0_AIN4- Pin=U19-51
Added Pin To Net: NetName=ADC0_AIN4+ Pin=U19-52
Added Pin To Net: NetName=+4V3 Pin=U19-53
Added Pin To Net: NetName=NetC63_2 Pin=U19-54
Added Pin To Net: NetName=NetC64_1 Pin=U19-55
Added Pin To Net: NetName=GND Pin=U19-56
Added Pin To Net: NetName=CODEC0_INT Pin=U19-61
Added Pin To Net: NetName=GND Pin=U19-62
Added Pin To Net: NetName=I2C_SCL Pin=U19-63
Added Pin To Net: NetName=I2C_SDA Pin=U19-64
Added Pin To Net: NetName=NetR63_1 Pin=U20-1
Added Pin To Net: NetName=NetR66_2 Pin=U20-2
Added Pin To Net: NetName=CODEC1_RSTN Pin=U20-3
Added Pin To Net: NetName=+3V3 Pin=U20-4
Added Pin To Net: NetName=NetR50_1 Pin=U20-5
Added Pin To Net: NetName=+3V3 Pin=U20-6
Added Pin To Net: NetName=GND Pin=U20-7
Added Pin To Net: NetName=+3V3 Pin=U20-8
Added Pin To Net: NetName=NetR47_1 Pin=U20-9
Added Pin To Net: NetName=NetR43_1 Pin=U20-10
Added Pin To Net: NetName=ADC1_SD2 Pin=U20-12
Added Pin To Net: NetName=ADC1_SD1 Pin=U20-13
Added Pin To Net: NetName=NetR62_1 Pin=U20-22
Added Pin To Net: NetName=GND Pin=U20-23
Added Pin To Net: NetName=+3V3 Pin=U20-24
Added Pin To Net: NetName=GND Pin=U20-42
Added Pin To Net: NetName=CODEC1_VQ Pin=U20-43
Added Pin To Net: NetName=+4V3 Pin=U20-44
Added Pin To Net: NetName=ADC1_AIN1+ Pin=U20-45
Added Pin To Net: NetName=ADC1_AIN1- Pin=U20-46
Added Pin To Net: NetName=ADC1_AIN2- Pin=U20-47
Added Pin To Net: NetName=ADC1_AIN2+ Pin=U20-48
Added Pin To Net: NetName=ADC1_AIN3- Pin=U20-49
Added Pin To Net: NetName=ADC1_AIN3+ Pin=U20-50
Added Pin To Net: NetName=ADC1_AIN4- Pin=U20-51
Added Pin To Net: NetName=ADC1_AIN4+ Pin=U20-52
Added Pin To Net: NetName=+4V3 Pin=U20-53
Added Pin To Net: NetName=NetC81_2 Pin=U20-54
Added Pin To Net: NetName=NetC82_1 Pin=U20-55
Added Pin To Net: NetName=GND Pin=U20-56
Added Pin To Net: NetName=CODEC1_INT Pin=U20-61
Added Pin To Net: NetName=GND Pin=U20-62
Added Pin To Net: NetName=I2C_SCL Pin=U20-63
Added Pin To Net: NetName=I2C_SDA Pin=U20-64
